[www.pepe.vip/index.html]
[static.wixstatic.com/media/c267fc_29f2c0df100a457f8389688896626c8b_mv2.jpg/v1/fill/w_192,h_192,lg_1,usm_0.66_1.00_0.01/c267fc_29f2c0df100a457f8389688896626c8b_mv2.jpg]
[static.wixstatic.com/media/c267fc_29f2c0df100a457f8389688896626c8b_mv2.jpg/v1/fill/w_32,h_32,lg_1,usm_0.66_1.00_0.01/c267fc_29f2c0df100a457f8389688896626c8b_mv2.jpg]
[static.wixstatic.com/media/c267fc_29f2c0df100a457f8389688896626c8b_mv2.jpg/v1/fill/w_180,h_180,lg_1,usm_0.66_1.00_0.01/c267fc_29f2c0df100a457f8389688896626c8b_mv2.jpg]
[static.parastorage.com/unpkg/core-js-bundle@3.2.1/minified.js]
[static.parastorage.com/unpkg/focus-within-polyfill@5.0.9/dist/focus-within-polyfill.js]
[backblue.gif]
[fade.gif]
[index.html]
[polyfill.io/v3/polyfill.mind82c.js]
[static.wixstatic.com/media/1f3f2b_e78823e3b50f4f76963293a9ab1e19c3_mv2.png/v1/fill/w_211,h_68,al_c,q_85,usm_0.66_1.00_0.01,enc_auto/pepetitle.png]
[static.wixstatic.com/media/1f3f2b_45e0862f90b549b2b8858d28a44b60cc_mv2.png/v1/fill/w_49,h_28,al_c,q_85,usm_0.66_1.00_0.01,blur_2,enc_auto/1f3f2b_45e0862f90b549b2b8858d28a44b60cc_mv2.png]
[static.wixstatic.com/media/1f3f2b_8eaff3e5f42b45f88cf11d418e25d5e6_mv2.png/v1/fill/w_80,h_80,al_c,q_85,usm_0.66_1.00_0.01,enc_auto/twitter (2).png]
[static.wixstatic.com/media/1f3f2b_0078029a112449e5b8d712401bfbd5ac_mv2.png/v1/fill/w_80,h_80,al_c,q_85,usm_0.66_1.00_0.01,enc_auto/telgrrgrgrgr.png]
[static.wixstatic.com/media/1f3f2b_8dd371e91c534eba8bf5836ed468e899_mv2.png/v1/fill/w_80,h_80,al_c,q_85,usm_0.66_1.00_0.01,enc_auto/dextools (1).png]
[static.wixstatic.com/media/1f3f2b_95d714edb8484668b50ec07fb8b4f394_mv2.png/v1/fill/w_80,h_80,al_c,q_85,usm_0.66_1.00_0.01,enc_auto/etherscan.png]
[static.wixstatic.com/media/1f3f2b_9d0d4341170c4640b3663065417b3700_mv2.png/v1/fill/w_80,h_80,al_c,q_85,usm_0.66_1.00_0.01,enc_auto/uniswap (2).png]
[static.wixstatic.com/media/1f3f2b_614e05b6d3e84630b377c85d7ed33137_mv2.png/v1/fill/w_80,h_80,al_c,q_85,usm_0.66_1.00_0.01,enc_auto/cm c.png]
[static.wixstatic.com/media/1f3f2b_21fe381c89284e328827e6c35f4b5513_mv2.png/v1/fill/w_476,h_483,al_c,q_85,usm_0.66_1.00_0.01,enc_auto/Untitled design - 2023-03-30T220301_142.png]
[static.wixstatic.com/media/1f3f2b_f6704cbab81b42fea33b2c9039243e89_mv2.png/v1/fill/w_43,h_42,al_c,q_85,usm_0.66_1.00_0.01,enc_auto/A60595EC12C04739-removebg-preview.png]
[static.wixstatic.com/media/1f3f2b_58bf93c97a11404db3720ec6be4111ed_mv2.png/v1/fill/w_34,h_34,al_c,q_85,usm_0.66_1.00_0.01,enc_auto/Binance_Logo_svg.png]
[static.wixstatic.com/media/1f3f2b_13560e0364c64eb88dce4361e56d6c87_mv2.png/v1/fill/w_29,h_29,al_c,q_85,usm_0.66_1.00_0.01,enc_auto/kucoin-logo.png]
[static.wixstatic.com/media/1f3f2b_971d92d7687e4a94a2c4da6275ba91d8_mv2.png/v1/fill/w_34,h_34,al_c,q_85,usm_0.66_1.00_0.01,enc_auto/huobi-token-ht-logo.png]
[static.wixstatic.com/media/1f3f2b_99d1d6e56c82441c869fa54b071b22b6_mv2.png/v1/fill/w_29,h_29,al_c,q_85,usm_0.66_1.00_0.01,enc_auto/ByBit_Icon.png]
[static.wixstatic.com/media/1f3f2b_9261976ddb4949d9b5c970c1a39d95c7_mv2.png/v1/fill/w_34,h_34,al_c,q_85,usm_0.66_1.00_0.01,enc_auto/crypto_com-logo.png]
[static.wixstatic.com/media/1f3f2b_86b5344ee29c4ac88ce09cee14641331_mv2.png/v1/fill/w_29,h_29,al_c,q_85,usm_0.66_1.00_0.01,enc_auto/bitget-logo.png]
[static.wixstatic.com/media/1f3f2b_5cc35201ef5c4298b9dc78ba32de1f14_mv2.png/v1/fill/w_29,h_29,al_c,q_85,usm_0.66_1.00_0.01,enc_auto/mexc-logo (1).png]
[static.wixstatic.com/media/1f3f2b_035ad480254d41568f9a9228f0da0dc7_mv2.png/v1/fill/w_29,h_29,al_c,q_85,usm_0.66_1.00_0.01,enc_auto/unnamed (1).png]
[static.wixstatic.com/media/1f3f2b_b3f21b7f5c154daa84e020e5e2b5dc6f_mv2.png/v1/crop/x_0,y_0,w_3600,h_3605/fill/w_56,h_56,al_c,q_85,usm_0.66_1.00_0.01,blur_2,enc_auto/mmga1.png]
[static.wixstatic.com/media/1f3f2b_af81019501c549d5b192536bb8680fc5_mv2.png/v1/fill/w_138,h_138,al_c,q_85,usm_0.66_1.00_0.01,blur_3,enc_auto/Untitled design - 2023-03-30T212906_738.png]
[static.wixstatic.com/media/1f3f2b_48f30828b7d740d98efb1a2f8febc010_mv2.png/v1/fill/w_138,h_138,al_c,q_85,usm_0.66_1.00_0.01,blur_3,enc_auto/Untitled design - 2023-03-30T213620_680.png]
[static.wixstatic.com/media/1f3f2b_9d0d4341170c4640b3663065417b3700_mv2.png/v1/fill/w_138,h_138,al_c,q_85,usm_0.66_1.00_0.01,blur_3,enc_auto/uniswap (2).png]
[static.wixstatic.com/media/1f3f2b_04aca37507ff420d94bd45bde7547fcc_mv2.png/v1/fill/w_60,h_30,al_c,q_85,usm_0.66_1.00_0.01,blur_2,enc_auto/Untitled design - 2023-03-30T215146_874.png]
[static.wixstatic.com/media/1f3f2b_b1f89e2179534202bedc41f8081abad7_mv2.png/v1/fill/w_108,h_108,al_c,q_85,usm_0.66_1.00_0.01,blur_2,enc_auto/pepememe (4).png]
[static.wixstatic.com/media/1f3f2b_b1153043afba4b8e841b3f82859d3846_mv2.png/v1/crop/x_0,y_14,w_2472,h_2477/fill/w_114,h_114,al_c,q_85,usm_0.66_1.00_0.01,blur_2/Untitled design - 2023-03-30T221823_605.1]
[static.wixstatic.com/media/1f3f2b_33505209bd5340c581cc5e861ff74845_mv2.png/v1/crop/x_455,y_0,w_2691,h_2700/fill/w_74,h_74,al_c,q_85,usm_0.66_1.00_0.01,blur_2,enc_auto/pepepissingnobackground copy.png]
[static.wixstatic.com/media/1f3f2b_21fe381c89284e328827e6c35f4b5513_mv2.png/v1/fill/w_73,h_74,al_c,q_85,usm_0.66_1.00_0.01,blur_2,enc_auto/Untitled design - 2023-03-30T220301_142.png]
[static.wixstatic.com/media/1f3f2b_e78823e3b50f4f76963293a9ab1e19c3_mv2.png/v1/fill/w_53,h_17,al_c,q_85,usm_0.66_1.00_0.01,blur_2,enc_auto/pepetitle.png]
[static.wixstatic.com/media/1f3f2b_af942b4585dd4bf9baaa6e151c02f1b4_mv2.png/v1/fill/w_85,h_85,al_c,q_85,usm_0.66_1.00_0.01,blur_3,enc_auto/twttttee2.png]
[static.wixstatic.com/media/1f3f2b_f59a557a4c72456581fa206a9247dcac_mv2.png/v1/fill/w_85,h_85,al_c,q_85,usm_0.66_1.00_0.01,blur_3,enc_auto/twtttt.png]
[browser.sentry-cdn.com/6.18.2/bundle.min.js]
[www.pepe.vip/sitemap.25.delayed]
[www.pepe.vip/feed.26.delayed]
[www.pepe.vip/${n.27.delayed]
[static.parastorage.com/services/wix-thunderbolt/dist/thunderbolt-commons.b120a24e.bundle.min.js]
[static.parastorage.com/services/wix-thunderbolt/dist/main.80c2a488.bundle.min.js]
[static.parastorage.com/unpkg/lodash@4.17.21/lodash.min.js]
[static.parastorage.com/unpkg/react@18.2.0/umd/react.production.min.js]
[static.parastorage.com/unpkg/react-dom@18.2.0/umd/react-dom.production.min.js]
[www.pepe.vip/decodeURIComponent(e.2d.delayed]
[static.parastorage.com/services/tag-manager-client/1.820.0/siteTags.bundle.min.js]
[static.parastorage.com/services/wix-perf-measure/1.1095.0/wix-perf-measure.umd.min.js]
[www.pepe.vip/index.html]
[www.pepe.vip/sitemap.html]
[www.pepe.vip/feed.html]
[www.pepe.vip/${n.html]
[www.pepe.vip/decodeURIComponent(e.html]
